[    0.000000] Linux version 4.15.0-212-generic (buildd@lcy02-amd64-083) (gcc version 7.5.0 (Ubuntu 7.5.0-3ubuntu1~18.04)) #223-Ubuntu SMP Tue May 23 13:09:22 UTC 2023 (Ubuntu 4.15.0-212.223-generic 4.15.18)
[    0.000000] Command line: BOOT_IMAGE=/boot/vmlinuz-4.15.0-212-generic root=LABEL=cloudimg-rootfs ro console=tty1 console=ttyS0
[    0.000000] KERNEL supported cpus:
[    0.000000]   Intel GenuineIntel
[    0.000000]   AMD AuthenticAMD
[    0.000000]   Centaur CentaurHauls
[    0.000000] [Firmware Bug]: TSC doesn't count with P0 frequency!
[    0.000000] x86/fpu: Supporting XSAVE feature 0x001: 'x87 floating point registers'
[    0.000000] x86/fpu: Supporting XSAVE feature 0x002: 'SSE registers'
[    0.000000] x86/fpu: Supporting XSAVE feature 0x004: 'AVX registers'
[    0.000000] x86/fpu: xstate_offset[2]:  576, xstate_sizes[2]:  256
[    0.000000] x86/fpu: Enabled xstate features 0x7, context size is 832 bytes, using 'standard' format.
[    0.000000] e820: BIOS-provided physical RAM map:
[    0.000000] BIOS-e820: [mem 0x0000000000000000-0x000000000009fbff] usable
[    0.000000] BIOS-e820: [mem 0x000000000009fc00-0x000000000009ffff] reserved
[    0.000000] BIOS-e820: [mem 0x00000000000f0000-0x00000000000fffff] reserved
[    0.000000] BIOS-e820: [mem 0x0000000000100000-0x000000003ffeffff] usable
[    0.000000] BIOS-e820: [mem 0x000000003fff0000-0x000000003fffffff] ACPI data
[    0.000000] BIOS-e820: [mem 0x00000000fec00000-0x00000000fec00fff] reserved
[    0.000000] BIOS-e820: [mem 0x00000000fee00000-0x00000000fee00fff] reserved
[    0.000000] BIOS-e820: [mem 0x00000000fffc0000-0x00000000ffffffff] reserved
[    0.000000] NX (Execute Disable) protection: active
[    0.000000] SMBIOS 2.5 present.
[    0.000000] DMI: innotek GmbH VirtualBox/VirtualBox, BIOS VirtualBox 12/01/2006
[    0.000000] Hypervisor detected: KVM
[    0.000000] e820: last_pfn = 0x3fff0 max_arch_pfn = 0x400000000
[    0.000000] MTRR: Disabled
[    0.000000] x86/PAT: MTRRs disabled, skipping PAT initialization too.
[    0.000000] CPU MTRRs all blank - virtualized system.
[    0.000000] x86/PAT: Configuration [0-7]: WB  WT  UC- UC  WB  WT  UC- UC  
[    0.000000] found SMP MP-table at [mem 0x0009fff0-0x0009ffff]
[    0.000000] Scanning 1 areas for low memory corruption
[    0.000000] RAMDISK: [mem 0x359cb000-0x36cdcfff]
[    0.000000] ACPI: Early table checksum verification disabled
[    0.000000] ACPI: RSDP 0x00000000000E0000 000024 (v02 VBOX  )
[    0.000000] ACPI: XSDT 0x000000003FFF0030 00003C (v01 VBOX   VBOXXSDT 00000001 ASL  00000061)
[    0.000000] ACPI: FACP 0x000000003FFF00F0 0000F4 (v04 VBOX   VBOXFACP 00000001 ASL  00000061)
[    0.000000] ACPI: DSDT 0x000000003FFF0610 002353 (v02 VBOX   VBOXBIOS 00000002 INTL 20100528)
[    0.000000] ACPI: FACS 0x000000003FFF0200 000040
[    0.000000] ACPI: FACS 0x000000003FFF0200 000040
[    0.000000] ACPI: APIC 0x000000003FFF0240 00005C (v02 VBOX   VBOXAPIC 00000001 ASL  00000061)
[    0.000000] ACPI: SSDT 0x000000003FFF02A0 00036C (v01 VBOX   VBOXCPUT 00000002 INTL 20100528)
[    0.000000] ACPI: Reserving FACP table memory at [mem 0x3fff00f0-0x3fff01e3]
[    0.000000] ACPI: Reserving DSDT table memory at [mem 0x3fff0610-0x3fff2962]
[    0.000000] ACPI: Reserving FACS table memory at [mem 0x3fff0200-0x3fff023f]
[    0.000000] ACPI: Reserving FACS table memory at [mem 0x3fff0200-0x3fff023f]
[    0.000000] ACPI: Reserving APIC table memory at [mem 0x3fff0240-0x3fff029b]
[    0.000000] ACPI: Reserving SSDT table memory at [mem 0x3fff02a0-0x3fff060b]
[    0.000000] No NUMA configuration found
[    0.000000] Faking a node at [mem 0x0000000000000000-0x000000003ffeffff]
[    0.000000] NODE_DATA(0) allocated [mem 0x3ffc5000-0x3ffeffff]
[    0.000000] kvm-clock: cpu 0, msr 0:3ff44001, primary cpu clock
[    0.000000] kvm-clock: Using msrs 4b564d01 and 4b564d00
[    0.000000] kvm-clock: using sched offset of 4384910397 cycles
[    0.000000] clocksource: kvm-clock: mask: 0xffffffffffffffff max_cycles: 0x1cd42e4dffb, max_idle_ns: 881590591483 ns
[    0.000000] Zone ranges:
[    0.000000]   DMA      [mem 0x0000000000001000-0x0000000000ffffff]
[    0.000000]   DMA32    [mem 0x0000000001000000-0x000000003ffeffff]
[    0.000000]   Normal   empty
[    0.000000]   Device   empty
[    0.000000] Movable zone start for each node
[    0.000000] Early memory node ranges
[    0.000000]   node   0: [mem 0x0000000000001000-0x000000000009efff]
[    0.000000]   node   0: [mem 0x0000000000100000-0x000000003ffeffff]
[    0.000000] Reserved but unavailable: 104 pages
[    0.000000] Initmem setup node 0 [mem 0x0000000000001000-0x000000003ffeffff]
[    0.000000] ACPI: PM-Timer IO Port: 0x4008
[    0.000000] IOAPIC[0]: apic_id 2, version 32, address 0xfec00000, GSI 0-23
[    0.000000] ACPI: INT_SRC_OVR (bus 0 bus_irq 0 global_irq 2 dfl dfl)
[    0.000000] ACPI: INT_SRC_OVR (bus 0 bus_irq 9 global_irq 9 low level)
[    0.000000] Using ACPI (MADT) for SMP configuration information
[    0.000000] smpboot: Allowing 2 CPUs, 0 hotplug CPUs
[    0.000000] PM: Registered nosave memory: [mem 0x00000000-0x00000fff]
[    0.000000] PM: Registered nosave memory: [mem 0x0009f000-0x0009ffff]
[    0.000000] PM: Registered nosave memory: [mem 0x000a0000-0x000effff]
[    0.000000] PM: Registered nosave memory: [mem 0x000f0000-0x000fffff]
[    0.000000] e820: [mem 0x40000000-0xfebfffff] available for PCI devices
[    0.000000] Booting paravirtualized kernel on KVM
[    0.000000] clocksource: refined-jiffies: mask: 0xffffffff max_cycles: 0xffffffff, max_idle_ns: 7645519600211568 ns
[    0.000000] setup_percpu: NR_CPUS:8192 nr_cpumask_bits:2 nr_cpu_ids:2 nr_node_ids:1
[    0.000000] percpu: Embedded 50 pages/cpu s167936 r8192 d28672 u1048576
[    0.000000] PV qspinlock hash table entries: 256 (order: 0, 4096 bytes)
[    0.000000] Built 1 zonelists, mobility grouping on.  Total pages: 257913
[    0.000000] Policy zone: DMA32
[    0.000000] Kernel command line: BOOT_IMAGE=/boot/vmlinuz-4.15.0-212-generic root=LABEL=cloudimg-rootfs ro console=tty1 console=ttyS0
[    0.000000] Memory: 982644K/1048120K available (12300K kernel code, 2477K rwdata, 4324K rodata, 2480K init, 2720K bss, 65476K reserved, 0K cma-reserved)
[    0.000000] SLUB: HWalign=64, Order=0-3, MinObjects=0, CPUs=2, Nodes=1
[    0.000000] ftrace: allocating 39508 entries in 155 pages
[    0.004000] Hierarchical RCU implementation.
[    0.004000] 	RCU restricting CPUs from NR_CPUS=8192 to nr_cpu_ids=2.
[    0.004000] 	Tasks RCU enabled.
[    0.004000] RCU: Adjusting geometry for rcu_fanout_leaf=16, nr_cpu_ids=2
[    0.004000] NR_IRQS: 524544, nr_irqs: 440, preallocated irqs: 16
[    0.004000] random: crng init done
[    0.004000] Console: colour VGA+ 80x25
[    0.004000] console [tty1] enabled
[    0.004000] console [ttyS0] enabled
[    0.004000] ACPI: Core revision 20170831
[    0.004000] ACPI: 2 ACPI AML tables successfully acquired and loaded
[    0.004000] APIC: Switch to symmetric I/O mode setup
[    0.004000] x2apic enabled
[    0.004000] Switched APIC routing to physical x2apic.
[    0.004000] ..TIMER: vector=0x30 apic1=0 pin1=2 apic2=-1 pin2=-1
[    0.004000] tsc: Detected 2295.690 MHz processor
[    0.004000] Calibrating delay loop (skipped) preset value.. 4591.38 BogoMIPS (lpj=9182760)
[    0.004000] pid_max: default: 32768 minimum: 301
[    0.004000] Security Framework initialized
[    0.004000] Yama: becoming mindful.
[    0.004000] AppArmor: AppArmor initialized
[    0.004000] Dentry cache hash table entries: 131072 (order: 8, 1048576 bytes)
[    0.004000] Inode-cache hash table entries: 65536 (order: 7, 524288 bytes)
[    0.004000] Mount-cache hash table entries: 2048 (order: 2, 16384 bytes)
[    0.004000] Mountpoint-cache hash table entries: 2048 (order: 2, 16384 bytes)
[    0.004000] Last level iTLB entries: 4KB 1024, 2MB 1024, 4MB 512
[    0.004000] Last level dTLB entries: 4KB 1536, 2MB 1536, 4MB 768, 1GB 0
[    0.004000] Spectre V1 : Mitigation: usercopy/swapgs barriers and __user pointer sanitization
[    0.004000] Spectre V2 : Mitigation: Retpolines
[    0.004000] Spectre V2 : ctre v2 / SpectreRSB mitigation: Filling RSB on context switch
[    0.004009] Spectre V2 : Spectre v2 / SpectreRSB : Filling RSB on VMEXIT
[    0.008009] RETBleed: Vulnerable
[    0.008911] Freeing SMP alternatives memory: 36K
[    0.131984] APIC calibration not consistent with PM-Timer: 103ms instead of 100ms
[    0.132000] APIC delta adjusted to PM-Timer: 6415757 (6671614)
[    0.132070] smpboot: CPU0: AMD Athlon Silver 3050U with Radeon Graphics (family: 0x17, model: 0x18, stepping: 0x1)
[    0.134038] Performance Events: PMU not available due to virtualization, using software events only.
[    0.135736] Hierarchical SRCU implementation.
[    0.136611] NMI watchdog: Perf event create on CPU 0 failed with -2
[    0.137765] NMI watchdog: Perf NMI watchdog permanently disabled
[    0.138936] smp: Bringing up secondary CPUs ...
[    0.140110] x86: Booting SMP configuration:
[    0.140934] .... node  #0, CPUs:      #1
[    0.004000] kvm-clock: cpu 1, msr 0:3ff44041, secondary cpu clock
[    0.166012] smp: Brought up 1 node, 2 CPUs
[    0.168013] smpboot: Max logical packages: 1
[    0.168776] smpboot: Total of 2 processors activated (9182.76 BogoMIPS)
[    0.170081] devtmpfs: initialized
[    0.170081] x86/mm: Memory block size: 128MB
[    0.170081] evm: security.selinux
[    0.170081] evm: security.SMACK64
[    0.170081] evm: security.SMACK64EXEC
[    0.170081] evm: security.SMACK64TRANSMUTE
[    0.170550] evm: security.SMACK64MMAP
[    0.171199] evm: security.apparmor
[    0.172003] evm: security.ima
[    0.172517] evm: security.capability
[    0.176073] clocksource: jiffies: mask: 0xffffffff max_cycles: 0xffffffff, max_idle_ns: 7645041785100000 ns
[    0.177522] futex hash table entries: 512 (order: 3, 32768 bytes)
[    0.177522] pinctrl core: initialized pinctrl subsystem
[    0.177522] RTC time:  7:53:48, date: 08/06/24
[    0.177944] NET: Registered protocol family 16
[    0.178771] audit: initializing netlink subsys (disabled)
[    0.184063] audit: type=2000 audit(1722930834.375:1): state=initialized audit_enabled=0 res=1
[    0.185453] cpuidle: using governor ladder
[    0.185453] cpuidle: using governor menu
[    0.185453] ACPI: bus type PCI registered
[    0.185453] acpiphp: ACPI Hot Plug PCI Controller Driver version: 0.5
[    0.188092] PCI: Using configuration type 1 for base access
[    0.188975] PCI: Using configuration type 1 for extended access
[    0.192055] HugeTLB registered 2.00 MiB page size, pre-allocated 0 pages
[    0.193391] ACPI: Added _OSI(Module Device)
[    0.193391] ACPI: Added _OSI(Processor Device)
[    0.193391] ACPI: Added _OSI(3.0 _SCP Extensions)
[    0.193511] ACPI: Added _OSI(Processor Aggregator Device)
[    0.194833] ACPI: Added _OSI(Linux-Dell-Video)
[    0.194833] ACPI: Added _OSI(Linux-Lenovo-NV-HDMI-Audio)
[    0.194833] ACPI: Added _OSI(Linux-HPI-Hybrid-Graphics)
[    0.194833] ACPI: Executed 1 blocks of module-level executable AML code
[    0.194833] ACPI: Interpreter enabled
[    0.195192] ACPI: (supports S0 S5)
[    0.200015] ACPI: Using IOAPIC for interrupt routing
[    0.201499] PCI: Using host bridge windows from ACPI; if necessary, use "pci=nocrs" and report a bug
[    0.203863] ACPI: Enabled 2 GPEs in block 00 to 07
[    0.207538] ACPI: PCI Root Bridge [PCI0] (domain 0000 [bus 00-ff])
[    0.212012] acpi PNP0A03:00: _OSC: OS supports [ExtendedConfig ASPM ClockPM Segments MSI]
[    0.212192] acpi PNP0A03:00: _OSC: platform does not support [PCIeCapability]
[    0.214781] acpi PNP0A03:00: _OSC: not requesting control; platform does not support [PCIeCapability]
[    0.220006] acpi PNP0A03:00: _OSC: OS requested [PCIeHotplug PME AER PCIeCapability]
[    0.221907] acpi PNP0A03:00: _OSC: platform willing to grant [PCIeHotplug PME AER]
[    0.224005] acpi PNP0A03:00: _OSC failed (AE_SUPPORT); disabling ASPM
[    0.226053] PCI host bridge to bus 0000:00
[    0.228006] pci_bus 0000:00: root bus resource [io  0x0000-0x0cf7 window]
[    0.229637] pci_bus 0000:00: root bus resource [io  0x0d00-0xffff window]
[    0.231274] pci_bus 0000:00: root bus resource [mem 0x000a0000-0x000bffff window]
[    0.232006] pci_bus 0000:00: root bus resource [mem 0x40000000-0xfdffffff window]
[    0.233850] pci_bus 0000:00: root bus resource [bus 00-ff]
[    0.238061] pci 0000:00:01.1: legacy IDE quirk: reg 0x10: [io  0x01f0-0x01f7]
[    0.240006] pci 0000:00:01.1: legacy IDE quirk: reg 0x14: [io  0x03f6]
[    0.241709] pci 0000:00:01.1: legacy IDE quirk: reg 0x18: [io  0x0170-0x0177]
[    0.244004] pci 0000:00:01.1: legacy IDE quirk: reg 0x1c: [io  0x0376]
[    0.267024] pci 0000:00:07.0: quirk: [io  0x4000-0x403f] claimed by PIIX4 ACPI
[    0.268061] pci 0000:00:07.0: quirk: [io  0x4100-0x410f] claimed by PIIX4 SMB
[    0.280000] ACPI: PCI Interrupt Link [LNKA] (IRQs 5 9 10 *11)
[    0.284326] ACPI: PCI Interrupt Link [LNKB] (IRQs 5 9 *10 11)
[    0.285856] ACPI: PCI Interrupt Link [LNKC] (IRQs 5 *9 10 11)
[    0.288280] ACPI: PCI Interrupt Link [LNKD] (IRQs 5 9 10 *11)
[    0.290161] SCSI subsystem initialized
[    0.292131] pci 0000:00:02.0: vgaarb: setting as boot VGA device
[    0.292131] pci 0000:00:02.0: vgaarb: VGA device added: decodes=io+mem,owns=io+mem,locks=none
[    0.292131] pci 0000:00:02.0: vgaarb: bridge control possible
[    0.293466] vgaarb: loaded
[    0.294250] ACPI: bus type USB registered
[    0.295297] usbcore: registered new interface driver usbfs
[    0.300016] usbcore: registered new interface driver hub
[    0.301339] usbcore: registered new device driver usb
[    0.302773] EDAC MC: Ver: 3.0.0
[    0.304106] PCI: Using ACPI for IRQ routing
[    0.304106] NetLabel: Initializing
[    0.304106] NetLabel:  domain hash size = 128
[    0.305609] NetLabel:  protocols = UNLABELED CIPSOv4 CALIPSO
[    0.307032] NetLabel:  unlabeled traffic allowed by default
[    0.350200] clocksource: Switched to clocksource kvm-clock
[    0.416996] VFS: Disk quotas dquot_6.6.0
[    0.428563] VFS: Dquot-cache hash table entries: 512 (order 0, 4096 bytes)
[    0.449010] AppArmor: AppArmor Filesystem Enabled
[    0.454285] pnp: PnP ACPI init
[    0.463897] pnp: PnP ACPI: found 3 devices
[    0.527690] clocksource: acpi_pm: mask: 0xffffff max_cycles: 0xffffff, max_idle_ns: 2085701024 ns
[    0.529167] NET: Registered protocol family 2
[    0.529921] IP idents hash table entries: 16384 (order: 5, 131072 bytes)
[    0.533387] TCP established hash table entries: 8192 (order: 4, 65536 bytes)
[    0.534614] TCP bind hash table entries: 8192 (order: 5, 131072 bytes)
[    0.535687] TCP: Hash tables configured (established 8192 bind 8192)
[    0.536799] UDP hash table entries: 512 (order: 2, 16384 bytes)
[    0.537743] UDP-Lite hash table entries: 512 (order: 2, 16384 bytes)
[    0.538820] NET: Registered protocol family 1
[    0.539561] pci 0000:00:00.0: Limiting direct PCI/PCI transfers
[    0.540538] pci 0000:00:01.0: Activating ISA DMA hang workarounds
[    0.542042] pci 0000:00:02.0: Video device with shadowed ROM at [mem 0x000c0000-0x000dffff]
[    0.543745] Unpacking initramfs...
[    0.901248] Freeing initrd memory: 19528K
[    0.902251] clocksource: tsc: mask: 0xffffffffffffffff max_cycles: 0x21174d6ed11, max_idle_ns: 440795210673 ns
[    0.904184] platform rtc_cmos: registered platform RTC device (no PNP device found)
[    0.905642] Scanning for low memory corruption every 60 seconds
[    0.907490] Initialise system trusted keyrings
[    0.908383] Key type blacklist registered
[    0.909145] workingset: timestamp_bits=36 max_order=18 bucket_order=0
[    0.910996] zbud: loaded
[    0.911990] squashfs: version 4.0 (2009/01/31) Phillip Lougher
[    0.913171] fuse init (API version 7.26)
[    0.917078] Key type asymmetric registered
[    0.917821] Asymmetric key parser 'x509' registered
[    0.918765] Block layer SCSI generic (bsg) driver version 0.4 loaded (major 246)
[    0.920425] io scheduler noop registered
[    0.921076] io scheduler deadline registered
[    0.921800] io scheduler cfq registered (default)
[    0.922850] ACPI: AC Adapter [AC] (off-line)
[    0.923601] input: Power Button as /devices/LNXSYSTM:00/LNXPWRBN:00/input/input0
[    0.925245] ACPI: Power Button [PWRF]
[    0.925913] input: Sleep Button as /devices/LNXSYSTM:00/LNXSLPBN:00/input/input1
[    0.927174] ACPI: Sleep Button [SLPF]
[    0.928108] Serial: 8250/16550 driver, 32 ports, IRQ sharing enabled
[    0.928776] ACPI: Battery Slot [BAT0] (battery present)
[    0.933723] 00:02: ttyS0 at I/O 0x3f8 (irq = 4, base_baud = 115200) is a 16550A
[    0.956448] Linux agpgart interface v0.103
[    0.961168] loop: module loaded
[    0.962283] scsi host0: ata_piix
[    0.963163] scsi host1: ata_piix
[    0.963753] ata1: PATA max UDMA/33 cmd 0x1f0 ctl 0x3f6 bmdma 0xd000 irq 14
[    0.965015] ata2: PATA max UDMA/33 cmd 0x170 ctl 0x376 bmdma 0xd008 irq 15
[    0.966766] tun: Universal TUN/TAP device driver, 1.6
[    0.967828] PPP generic driver version 2.4.2
[    0.968648] ehci_hcd: USB 2.0 'Enhanced' Host Controller (EHCI) Driver
[    0.969597] ehci-pci: EHCI PCI platform driver
[    0.970269] ehci-platform: EHCI generic platform driver
[    0.971123] ohci_hcd: USB 1.1 'Open' Host Controller (OHCI) Driver
[    0.972185] ohci-pci: OHCI PCI platform driver
[    0.972974] ohci-platform: OHCI generic platform driver
[    0.973993] uhci_hcd: USB Universal Host Controller Interface driver
[    0.975136] i8042: PNP: PS/2 Controller [PNP0303:PS2K,PNP0f03:PS2M] at 0x60,0x64 irq 1,12
[    0.976920] serio: i8042 KBD port at 0x60,0x64 irq 1
[    0.977767] serio: i8042 AUX port at 0x60,0x64 irq 12
[    0.978720] mousedev: PS/2 mouse device common for all mice
[    0.979925] input: AT Translated Set 2 keyboard as /devices/platform/i8042/serio0/input/input2
[    0.981789] rtc_cmos rtc_cmos: rtc core: registered rtc_cmos as rtc0
[    0.982851] rtc_cmos rtc_cmos: alarms up to one day, 114 bytes nvram
[    0.983841] i2c /dev entries driver
[    0.984476] device-mapper: uevent: version 1.0.3
[    0.985318] device-mapper: ioctl: 4.37.0-ioctl (2017-09-20) initialised: dm-devel@redhat.com
[    0.986689] ledtrig-cpu: registered to indicate activity on CPUs
[    0.988108] NET: Registered protocol family 10
[    0.992312] Segment Routing with IPv6
[    0.992994] NET: Registered protocol family 17
[    0.993887] Key type dns_resolver registered
[    0.994828] mce: Using 0 MCE banks
[    0.995506] RAS: Correctable Errors collector initialized.
[    0.996583] sched_clock: Marking stable (996536668, 0)->(1328254577, -331717909)
[    0.998361] registered taskstats version 1
[    0.999118] Loading compiled-in X.509 certificates
[    1.002122] Loaded X.509 cert 'Build time autogenerated kernel key: b5b26778eaa3ab3a4a6cee031137706e947d12ad'
[    1.004344] Loaded X.509 cert 'Canonical Ltd. Live Patch Signing: 14df34d1a87cf37625abec039ef2bf521249b969'
[    1.006373] Loaded X.509 cert 'Canonical Ltd. Kernel Module Signing: 88f752e560a1e0737e31163a466ad7b70a850c19'
[    1.007901] blacklist: Loading compiled-in revocation X.509 certificates
[    1.008993] Loaded X.509 cert 'Canonical Ltd. Secure Boot Signing: 61482aa2830d0ab2ad5af10b7250da9033ddcef0'
[    1.010570] Loaded X.509 cert 'Canonical Ltd. Secure Boot Signing (2017): 242ade75ac4a15e50d50c84b0d45ff3eae707a03'
[    1.012305] Loaded X.509 cert 'Canonical Ltd. Secure Boot Signing (ESM 2018): 365188c1d374d6b07c3c8f240f8ef722433d6a8b'
[    1.014009] Loaded X.509 cert 'Canonical Ltd. Secure Boot Signing (2019): c0746fd6c5da3ae827864651ad66ae47fe24b3e8'
[    1.015675] Loaded X.509 cert 'Canonical Ltd. Secure Boot Signing (2021 v1): a8d54bbb3825cfb94fa13c9f8a594a195c107b8d'
[    1.017520] Loaded X.509 cert 'Canonical Ltd. Secure Boot Signing (2021 v2): 4cf046892d6fd3c9a5b03f98d845f90851dc6a8c'
[    1.019201] Loaded X.509 cert 'Canonical Ltd. Secure Boot Signing (2021 v3): 100437bb6de6e469b581e61cd66bce3ef4ed53af'
[    1.020925] Loaded X.509 cert 'Canonical Ltd. Secure Boot Signing (Ubuntu Core 2019): c1d57b8f6b743f23ee41f4f7ee292f06eecadfb9'
[    1.022678] zswap: loaded using pool lzo/zbud
[    1.026369] Key type big_key registered
[    1.027187] Key type trusted registered
[    1.029449] Key type encrypted registered
[    1.030261] AppArmor: AppArmor sha1 policy hashing enabled
[    1.031132] ima: No TPM chip found, activating TPM-bypass! (rc=-19)
[    1.032157] ima: Allocated hash algorithm: sha1
[    1.032969] evm: HMAC attrs: 0x1
[    1.033753]   Magic number: 4:542:874
[    1.034450] rtc_cmos rtc_cmos: setting system clock to 2024-08-06 07:53:49 UTC (1722930829)
[    1.036073] BIOS EDD facility v0.16 2004-Jun-25, 0 devices found
[    1.037037] EDD information not available.
[    1.255115] Freeing unused kernel image memory: 2480K
[    1.300036] Write protecting the kernel read-only data: 20480k
[    1.332742] Freeing unused kernel image memory: 2008K
[    1.335312] Freeing unused kernel image memory: 1820K
[    1.345141] x86/mm: Checked W+X mappings: passed, no W+X pages found.
Loading, please wait...
starting version 237
[    1.403536] Fusion MPT base driver 3.04.20
[    1.403601] e1000: Intel(R) PRO/1000 Network Driver - version 7.3.21-k8-NAPI
[    1.404670] Copyright (c) 1999-2008 LSI Corporation
[    1.427360] e1000: Copyright (c) 1999-2006 Intel Corporation.
[    1.459488] AVX2 version of gcm_enc/dec engaged.
[    1.460936] AES CTR mode by8 optimization enabled
[    1.465160] Fusion MPT SPI Host driver 3.04.20
[    1.676169] input: ImExPS/2 Generic Explorer Mouse as /devices/platform/i8042/serio1/input/input4
[    1.944993] e1000 0000:00:03.0 eth0: (PCI:33MHz:32-bit) 02:3b:7b:b7:3b:2d
[    1.947437] e1000 0000:00:03.0 eth0: Intel(R) PRO/1000 Network Connection
[    1.952296] mptbase: ioc0: Initiating bringup
[    1.956833] e1000 0000:00:03.0 enp0s3: renamed from eth0
[    2.064838] ioc0: LSI53C1030 A0: Capabilities={Initiator}
[    2.383532] scsi host2: ioc0: LSI53C1030 A0, FwRev=00000000h, Ports=1, MaxQ=256, IRQ=20
[    3.408114] scsi 2:0:0:0: Direct-Access     VBOX     HARDDISK         1.0  PQ: 0 ANSI: 5
[    3.440122] scsi target2:0:0: Beginning Domain Validation
[    3.444792] scsi target2:0:0: Domain Validation skipping write tests
[    3.448164] scsi target2:0:0: Ending Domain Validation
[    3.451010] scsi target2:0:0: asynchronous
[    3.454204] scsi 2:0:1:0: Direct-Access     VBOX     HARDDISK         1.0  PQ: 0 ANSI: 5
[    4.256137] scsi target2:0:1: Beginning Domain Validation
[    4.258280] scsi target2:0:1: Domain Validation skipping write tests
[    4.259802] scsi target2:0:1: Ending Domain Validation
[    4.261063] scsi target2:0:1: asynchronous
[    4.265994] sd 2:0:0:0: [sda] 83886080 512-byte logical blocks: (42.9 GB/40.0 GiB)
[    4.285320] sd 2:0:0:0: Attached scsi generic sg0 type 0
[    4.287114] sd 2:0:1:0: Attached scsi generic sg1 type 0
[    4.289111] sd 2:0:0:0: [sda] Write Protect is off
[    4.290437] sd 2:0:0:0: [sda] Incomplete mode parameter data
[    4.291787] sd 2:0:0:0: [sda] Assuming drive cache: write through
[    4.293580] sd 2:0:1:0: [sdb] 20480 512-byte logical blocks: (10.5 MB/10.0 MiB)
[    4.295498] sd 2:0:1:0: [sdb] Write Protect is off
[    4.296769] sd 2:0:1:0: [sdb] Incomplete mode parameter data
[    4.298134] sd 2:0:1:0: [sdb] Assuming drive cache: write through
[    4.300652]  sda: sda1
[    4.301751] sd 2:0:0:0: [sda] Attached SCSI disk
[    4.305755] sd 2:0:1:0: [sdb] Attached SCSI disk
Begin: Loading essential drivers ... [    5.996672] raid6: sse2x1   gen()  6735 MB/s
[    6.066346] raid6: sse2x1   xor()  6940 MB/s
[    6.124216] raid6: sse2x2   gen() 10032 MB/s
[    6.185605] raid6: sse2x2   xor() 10588 MB/s
[    6.251250] raid6: sse2x4   gen() 13968 MB/s
[    6.312221] raid6: sse2x4   xor()  7141 MB/s
[    6.373853] raid6: avx2x1   gen() 19893 MB/s
[    6.420455] raid6: avx2x1   xor()  9881 MB/s
[    6.480616] raid6: avx2x2   gen() 22715 MB/s
[    6.539053] raid6: avx2x2   xor() 14843 MB/s
[    6.612293] raid6: avx2x4   gen() 24443 MB/s
[    6.681282] raid6: avx2x4   xor() 12310 MB/s
[    6.682158] raid6: using algorithm avx2x4 gen() 24443 MB/s
[    6.683115] raid6: .... xor() 12310 MB/s, rmw enabled
[    6.684176] raid6: using avx2x2 recovery algorithm
[    6.686345] xor: automatically using best checksumming function   avx       
[    6.688512] async_tx: api initialized (async)
done.
Begin: Running /scripts/init-premount ... done.
Begin: Mounting root file system ... Begin: Running /scripts/local-top ... done.
Begin: Running /scripts/local-premount ... [    6.733512] Btrfs loaded, crc32c=crc32c-intel
Scanning for Btrfs filesystems
done.
Warning: fsck not present, so skipping root file system
[    6.767599] EXT4-fs (sda1): mounted filesystem with ordered data mode. Opts: (null)
done.
Begin: Running /scripts/local-bottom ... done.
Begin: Running /scripts/init-bottom ... done.
[    6.927830] ip_tables: (C) 2000-2006 Netfilter Core Team
[    6.938588] systemd[1]: systemd 237 running in system mode. (+PAM +AUDIT +SELINUX +IMA +APPARMOR +SMACK +SYSVINIT +UTMP +LIBCRYPTSETUP +GCRYPT +GNUTLS +ACL +XZ +LZ4 +SECCOMP +BLKID +ELFUTILS +KMOD -IDN2 +IDN -PCRE2 default-hierarchy=hybrid)
[    6.942644] systemd[1]: Detected virtualization oracle.
[    6.943666] systemd[1]: Detected architecture x86-64.

Welcome to [1mUbuntu 18.04.6 LTS[0m!

[    6.964451] systemd[1]: Set hostname to <ubuntu>.
[    6.977500] systemd[1]: Initializing machine ID from random generator.
[    6.979316] systemd[1]: Installed transient /etc/machine-id file.
[    7.594357] systemd[1]: Set up automount Arbitrary Executable File Formats File System Automount Point.
[[0;32m  OK  [0m] Set up automount Arbitrary Executab…rmats File System Automount Point.
[    7.598225] systemd[1]: Created slice System Slice.
[[0;32m  OK  [0m] Created slice System Slice.
[    7.599607] systemd[1]: Listening on udev Kernel Socket.
[[0;32m  OK  [0m] Listening on udev Kernel Socket.
[    7.601204] systemd[1]: Listening on Journal Audit Socket.
[[0;32m  OK  [0m] Listening on Journal Audit Socket.
[[0;32m  OK  [0m] Listening on LVM2 metadata daemon socket.
[[0;32m  OK  [0m] Listening on LVM2 poll daemon socket.
[[0;32m  OK  [0m] Reached target System Time Synchronized.
[[0;32m  OK  [0m] Created slice system-serial\x2dgetty.slice.
[[0;32m  OK  [0m] Listening on fsck to fsckd communication Socket.
[[0;32m  OK  [0m] Listening on Network Service Netlink Socket.
[[0;32m  OK  [0m] Listening on Device-mapper event daemon FIFOs.
[[0;32m  OK  [0m] Created slice User and Session Slice.
[[0;32m  OK  [0m] Reached target Slices.
[[0;32m  OK  [0m] Listening on Journal Socket (/dev/log).
[[0;32m  OK  [0m] Reached target Mounting snaps.
[[0;32m  OK  [0m] Reached target Mounted snaps.
[[0;32m  OK  [0m] Listening on Syslog Socket.
[[0;32m  OK  [0m] Reached target User and Group Name Lookups.
[[0;32m  OK  [0m] Listening on Journal Socket.
         Starting Set the console keyboard layout...
         Starting File System Check on Root Device...
         Starting Load Kernel Modules...
         Starting Uncomplicated firewall...
         Mounting Kernel Debug File System...
[    7.787571] Loading iSCSI transport class v2.0-870.
         Starting Create list of required st…ce nodes for the current kernel...
[    7.825914] iscsi: registered transport (tcp)
         Starting Journal Service...
         Starting Monitoring of LVM2 mirrors…ng dmeventd or progress polling...
         Mounting Huge Pages File System...
[[0;32m  OK  [0m] Started Forward Password Requests to Wall Directory Watch.
         Mounting POSIX Message Queue File System...
[[0;32m  OK  [0m] Listening on /dev/initctl Compatibility Named Pipe.
[[0;32m  OK  [0m] Reached target Swap.
[[0;32m  OK  [0m] Listening on udev Control Socket.
         Starting udev Coldplug all Devices...
[[0;32m  OK  [0m] Started File System Check on Root Device.
[[0;32m  OK  [0m] Started Journal Service.
[[0;32m  OK  [0m] Started Uncomplicated firewall.
[[0;32m  OK  [0m] Mounted Kernel Debug File System.
[[0;32m  OK  [0m] Started Create list of required sta…vice nodes for the current kernel.
[[0;32m  OK  [0m] Mounted Huge Pages File System.
[[0;32m  OK  [0m] Mounted POSIX Message Queue File System.
[[0;32m  OK  [0m] Started LVM2 metadata daemon.
[[0;32m  OK  [0m] Started File System Check Daemon to report status.
         Starting Create Static Device Nodes in /dev...
         Starting Remount Root and Kernel File Systems...
[    7.953419] iscsi: registered transport (iser)
[[0;32m  OK  [0m] Started Load Kernel Modules.
         Mounting FUSE Control File System...
         Starting Apply Kernel Variables...
         Mounting Kernel Configuration File System...
[[0;32m  OK  [0m] Mounted FUSE Control File System.
[[0;32m  OK  [0m] Mounted Kernel Configuration File System.
[[0;32m  OK  [0m] Started udev Coldplug all Devices.
[[0;32m  OK  [0m] Started Create Static Device Nodes in /dev.
[[0;32m  OK  [0m] Started Remount Root and Kernel File Systems.
         Starting Load/Save Random Seed...
         Starting Flush Journal to Persistent Storage...
         Starting udev Kernel Device Manager...
[[0;32m  OK  [0m] Started Monitoring of LVM2 mirrors,…sing dmeventd or progress polling.
[[0;32m  OK  [0m] Started Apply Kernel Variables.
[[0;32m  OK  [0m] Started Load/Save Random Seed.
[[0;32m  OK  [0m] Started udev Kernel Device Manager.
[[0;32m  OK  [0m] Started Flush Journal to Persistent Storage.
[[0;32m  OK  [0m] Found device /dev/ttyS0.
[[0;32m  OK  [0m] Listening on Load/Save RF Kill Switch Status /dev/rfkill Watch.
[[0;32m  OK  [0m] Started Set the console keyboard layout.
[[0;32m  OK  [0m] Started Dispatch Password Requests to Console Directory Watch.
[[0;32m  OK  [0m] Reached target Local Encrypted Volumes.
[[0;32m  OK  [0m] Reached target Local File Systems (Pre).
[[0;32m  OK  [0m] Reached target Local File Systems.
         Starting AppArmor initialization...
         Starting Commit a transient machine-id on disk...
         Starting Tell Plymouth To Write Out Runtime Data...
         Starting Set console font and keymap...
         Starting ebtables ruleset management...
         Starting Create Volatile Files and Directories...
         Mounting Arbitrary Executable File Formats File System...
[[0;32m  OK  [0m] Started Tell Plymouth To Write Out Runtime Data.
[[0;32m  OK  [0m] Started Create Volatile Files and Directories.
         Starting Update UTMP about System Boot/Shutdown...
[[0;32m  OK  [0m] Mounted Arbitrary Executable File Formats File System.
[[0;32m  OK  [0m] Started Update UTMP about System Boot/Shutdown.
[[0;32m  OK  [0m] Started Commit a transient machine-id on disk.
[[0;32m  OK  [0m] Started ebtables ruleset management.
[[0;32m  OK  [0m] Started AppArmor initialization.
         Starting Load AppArmor profiles managed internally by snapd...
         Starting Initial cloud-init job (pre-networking)...
[[0;32m  OK  [0m] Started Load AppArmor profiles managed internally by snapd.
[[0;32m  OK  [0m] Started Set console font and keymap.
[   12.310216] cloud-init[807]: Cloud-init v. 23.1.2-0ubuntu0~18.04.1 running 'init-local' at Tue, 06 Aug 2024 07:54:00 +0000. Up 11.91 seconds.
[[0;32m  OK  [0m] Started Initial cloud-init job (pre-networking).
[[0;32m  OK  [0m] Reached target Network (Pre).
         Starting Network Service...
[[0;32m  OK  [0m] Started Network Service.
         Starting Wait for Network to be Configured...
         Starting Network Name Resolution...
[[0;32m  OK  [0m] Started Network Name Resolution.
[[0;32m  OK  [0m] Reached target Network.
[[0;32m  OK  [0m] Reached target Host and Network Name Lookups.
[[0;32m  OK  [0m] Started Wait for Network to be Configured.
         Starting Initial cloud-init job (metadata service crawler)...
[   14.685793] cloud-init[919]: Cloud-init v. 23.1.2-0ubuntu0~18.04.1 running 'init' at Tue, 06 Aug 2024 07:54:02 +0000. Up 14.52 seconds.
[   14.689117] cloud-init[919]: ci-info: ++++++++++++++++++++++++++++++++++++++Net device info++++++++++++++++++++++++++++++++++++++
[   14.704531] cloud-init[919]: ci-info: +--------+------+----------------------------+---------------+--------+-------------------+
[   14.707107] cloud-init[919]: ci-info: | Device |  Up  |          Address           |      Mask     | Scope  |     Hw-Address    |
[   14.710546] cloud-init[919]: ci-info: +--------+------+----------------------------+---------------+--------+-------------------+
[   14.713363] cloud-init[919]: ci-info: | enp0s3 | True |         10.0.2.15          | 255.255.255.0 | global | 02:3b:7b:b7:3b:2d |
[   14.717724] cloud-init[919]: ci-info: | enp0s3 | True | fe80::3b:7bff:feb7:3b2d/64 |       .       |  link  | 02:3b:7b:b7:3b:2d |
[   14.720311] cloud-init[919]: ci-info: |   lo   | True |         127.0.0.1          |   255.0.0.0   |  host  |         .         |
[   14.722586] cloud-init[919]: ci-info: |   lo   | True |          ::1/128           |       .       |  host  |         .         |
[   14.736429] cloud-init[919]: ci-info: +--------+------+----------------------------+---------------+--------+-------------------+
[   14.738874] cloud-init[919]: ci-info: ++++++++++++++++++++++++++++Route IPv4 info+++++++++++++++++++++++++++++
[   14.741173] cloud-init[919]: ci-info: +-------+-------------+----------+-----------------+-----------+-------+
[   14.743452] cloud-init[919]: ci-info: | Route | Destination | Gateway  |     Genmask     | Interface | Flags |
[   14.756411] cloud-init[919]: ci-info: +-------+-------------+----------+-----------------+-----------+-------+
[   14.758195] cloud-init[919]: ci-info: |   0   |   0.0.0.0   | 10.0.2.2 |     0.0.0.0     |   enp0s3  |   UG  |
[   14.759692] cloud-init[919]: ci-info: |   1   |   10.0.2.0  | 0.0.0.0  |  255.255.255.0  |   enp0s3  |   U   |
[   14.760765] cloud-init[919]: ci-info: |   2   |   10.0.2.2  | 0.0.0.0  | 255.255.255.255 |   enp0s3  |   UH  |
[   14.772382] cloud-init[919]: ci-info: +-------+-------------+----------+-----------------+-----------+-------+
[   14.774071] cloud-init[919]: ci-info: +++++++++++++++++++Route IPv6 info+++++++++++++++++++
[   14.775300] cloud-init[919]: ci-info: +-------+-------------+---------+-----------+-------+
[   14.776728] cloud-init[919]: ci-info: | Route | Destination | Gateway | Interface | Flags |
[   14.777938] cloud-init[919]: ci-info: +-------+-------------+---------+-----------+-------+
[   14.779189] cloud-init[919]: ci-info: |   1   |  fe80::/64  |    ::   |   enp0s3  |   U   |
[   14.781710] cloud-init[919]: ci-info: |   3   |    local    |    ::   |   enp0s3  |   U   |
[   14.783287] cloud-init[919]: ci-info: |   4   |   ff00::/8  |    ::   |   enp0s3  |   U   |
[   14.784647] cloud-init[919]: ci-info: +-------+-------------+---------+-----------+-------+
[   15.820642] cloud-init[919]: Generating public/private rsa key pair.
[   15.837968] cloud-init[919]: Your identification has been saved in /etc/ssh/ssh_host_rsa_key.
[   15.840566] cloud-init[919]: Your public key has been saved in /etc/ssh/ssh_host_rsa_key.pub.
[   15.843124] cloud-init[919]: The key fingerprint is:
[   15.856674] cloud-init[919]: SHA256:/zYL9v05XUGl19SgnciNPa+Cg/pMrbuULp5F5UruuCU root@ubuntu-bionic
[   15.884812] cloud-init[919]: The key's randomart image is:
[   15.888217] cloud-init[919]: +---[RSA 2048]----+
[[   15.889033] cloud-init[919]: |              ..=|
[0;32m  OK  [0m] Started Initial cloud-init job (metadata service crawler).
[   15.889400] cloud-init[919]: |           . B =o|
[   15.891509] cloud-init[919]: |          . = O o|
[   15.892002] cloud-init[919]: |         o     = |
[[0;32m  OK  [0m] Reached target System Initialization.
[   15.892874] cloud-init[919]: |        S .     o|
[[   15.894276] cloud-init[919]: |       + * .   ..|
[0;32m  OK  [0m] Listening on ACPID Listen Socket.[   15.894500] 
cloud-init[919]: |      E X B . . o|
[   15.896567] cloud-init[919]: |      .& o =oo .o|
[   15.897331] cloud-init[919]: |     .*+Oo .+o.oo|
[[0;32m  OK  [0m] Listening on Open-iSCSI iscsid Socket.
[   15.897889] cloud-init[919]: +----[SHA256]-----+
[   15.899334] cloud-init[919]: Generating public/private dsa key pair.
[   15.900510] cloud-init[919]: Your identification has been saved in /etc/ssh/ssh_host_dsa_key.
[   15.901818] cloud-init[919]: Your public key has been saved in /etc/ssh/ssh_host_dsa_key.pub.
[   15.902527] cloud-init[919]: The key fingerprint is:
         Starting LXD - unix socket.
[   15.912513] cloud-init[919]: SHA256:E53CkyOg+yqobJ2Nz3TjBsBb5TdFkboukpsQ7wlJKj8 root@ubuntu-bionic
[[0;32m  OK  [0m] Started Discard unused blocks once a week.
[   15.924323] cloud-init[919]: The key's randomart image is:
[[0;32m  OK  [0m] Listening on UUID daemon activation socket.
[   15.926234] cloud-init[919]: +---[DSA 1024]----+
[   15.928131]          Starting Socket activation for snappy daemon.
[[0;32m  OK  [0m] Started Daily apt download activities.
[[0;32m  OK  [0m] Started Daily apt upgrade and clean activities.
[[0;32m  OK  [0m] Listening on cloud-init hotplug hook socket.
cloud-init[919]: |    .     .oo    |
[   15.934463] cloud-init[919]: |   . . o o +     |
[   15.935877] cloud-init[[919]: [0;32m  OK  [0m|  o   + B =      |] 
Started ACPI Events Check.
[[0;32m  OK  [0m] Reached target Paths.
[   15.937241] cloud-init[919]: |   + . o O       |
[[0;32m  OK  [0m] Started Ubuntu Advantage Timer for running repeated jobs.
[   15.948543] cloud-init[919]: |  .o+   S o      |
[[0;32m  OK  [0m] Started Message of the Day.
[   15.960575] cloud-init[919]: |  oo+.   o       |
[[0;32m  OK  [0m] Listening on D-Bus System Message Bus Socket.
[   15.972745] cloud-init[919]: |o..+=ooo.        |
[[0;32m  OK  [0m] Started Daily Cleanup of Temporary Directories.[   15.975002] 
cloud-init[919]: |=oE=*+=o..       |
[[   15.977751] cloud-init[919]: |+oo..B+..        |
[   15.977919] cloud-init[919]: +----[SHA256]-----+
[   15.979335] cloud-init[919]: Generating public/private ecdsa key pair.
[   15.979745] cloud-init[919]: Your identification has been saved in /etc/ssh/ssh_host_ecdsa_key.
[0;32m  OK  [0m] Reached target Timers.
[   15.981337] cloud-init[919]: Your public key has been saved in /etc/ssh/ssh_host_ecdsa_key.pub.
[[0;32m  OK  [0m] Reached target Cloud-config availability.
[   15.986649] cloud-init[919]: The key fingerprint is:
[[0;32m  OK  [0m] Reached target Network is Online.
[   15.988683] cloud-init[919]: SHA256:2RoMowvVBiJRoG3EO/8WrpDDM8Scy/Gy+qklKWDsPdc root@ubuntu-bionic
[[0;32m  OK  [0m] Reached target Remote File Systems (Pre).
[   16.000682] cloud-init[919]: The key's randomart image is:
[[0;32m  OK  [0m] Reached target Remote File Systems.
[   16.002376] cloud-init[919]: +---[ECDSA 256]---+
[   16.016726] cloud-init[919]: |+=+ .            |
         Starting Availability of block devices...
[   16.024245] cloud-init[919]: |.+.. o           |
[[   16.041517] [0;32m  OK  [0mcloud-init] [919]: Listening on LXD - unix socket.|. o.. =          |

[[0;32m  OK  [0m] Listening on Socket activation for snappy daemon.
[   16.045799] cloud-init[919]: |.+oo o + o       |
[   16.048991] cloud-init[919]: |.oBo.   S .      |
[[   16.051489] cloud-init[919]: |+=.*..o  o       |
[0;32m  OK  [0m[   16.051636] ] cloud-initStarted Availability of block devices.[919]: 
|+.%oo+ E.        |
[   16.054087] cloud-init[919]: |.o Oo +          |
[[0;32m  OK  [0m] Reached target Sockets.
[[0;32m  OK  [0m] Reached target Basic System.
[   16.067289] cloud-init[919]: |o++ .o           |[[0;32m  OK  [0m] Started D-Bus System Message Bus.

[   16.074578] cloud-init[919]: +----[SHA256]-----+
[   16.080293] cloud-init[919]: Generating public/private ed25519 key pair.
[   16.085227] cloud-init[919]: Your identification has been saved in /etc/ssh/ssh_host_ed25519_key.
[   16.093049] cloud-init[919]: Your public key has been saved in /etc/ssh/ssh_host_ed25519_key.pub.
[   16.101221] cloud-init[919]: The key fingerprint is:
[   16.104590] cloud-init[919]: SHA256:N8sRafgKh++bJKWHY0EKHBLH4a8jmb/32DNrkDxmLQI root@ubuntu-bionic
[   16.120731] cloud-init[919]: The key's randomart image is:
[   16.122987] cloud-init[919]: +--[ED25519 256]--+
[   16.124101] cloud-init[919]: |oo+.             |
[   16.126573] cloud-init[919]: | =..     . .     |
[   16.129163] cloud-init[919]: |  +   . . +      |
[   16.131632] cloud-init[919]: |E  o o . o .     |
[   16.133577] cloud-init[919]: | . .oo+ S =      |
[   16.135065] cloud-init[919]: | o..O .O + +     |
[   16.149640] cloud-init[919]: |+ o+ +* = o      |
[   16.156049]          Starting LXD - container startup/shutdown...
cloud-init[919]: | o ..++* .       |
         Starting Login Service...
         Starting System Logging Service...
[   16.165696] cloud-init[919]: |  oo.o+++.       |
[   16.167399] cloud-init[919]: +----[SHA256]-----+
         Starting Pollinate to seed the pseudo random number generator...
[[0;32m  OK  [0m] Started Deferred execution scheduler.
[[0;32m  OK  [0m] Reached target Login Prompts (Pre).
         Starting Accounts Service...
         Starting LSB: automatic crash report generation...
         Starting Virtualbox guest utils...
[[0;32m  OK  [0m] Started FUSE filesystem for LXC.
         Starting Permit User Sessions...
         Starting LSB: Record successful boot for GRUB...
         Starting Dispatcher daemon for systemd-networkd...
[[0;32m  OK  [0m] Started irqbalance daemon.
[[0;32m  OK  [0m] Started Regular background program processing daemon.
         Starting Snap Daemon...
[[0;32m  OK  [0m] Started System Logging Service.
[[0;32m  OK  [0m] Started LXD - container startup/shutdown.
[[0;32m  OK  [0m] Started Permit User Sessions.
[[0;32m  OK  [0m] Started Login Service.
[[0;32m  OK  [0m] Started LSB: automatic crash report generation.
         Starting Authorization Manager...
[[0;32m  OK  [0m] Started Unattended Upgrades Shutdown.
         Starting Terminate Plymouth Boot Screen...
         Starting Hold until boot process finishes up...
[[0;32m  OK  [0m] Started Hold until boot process finishes up.
[[0;32m  OK  [0m] Started Serial Getty on ttyS0.
         Starting Set console scheme...
[[0;32m  OK  [0m] Started Terminate Plymouth Boot Screen.
[[0;32m  OK  [0m] Started Set console scheme.
[[0;32m  OK  [0m] Started LSB: Record successful boot for GRUB.
[[0;32m  OK  [0m] Created slice system-getty.slice.
[[0;32m  OK  [0m] Started Getty on tty1.
[[0;32m  OK  [0m] Reached target Login Prompts.
[[0;32m  OK  [0m] Started Authorization Manager.
[[0;32m  OK  [0m] Started Accounts Service.
[[0;32m  OK  [0m] Started Virtualbox guest utils.
[[0;32m  OK  [0m] Started Dispatcher daemon for systemd-networkd.
[[0;32m  OK  [0m] Started Snap Daemon.
         Starting Wait until snapd is fully seeded...
[[0;32m  OK  [0m] Started Pollinate to seed the pseudo random number generator.
         Starting OpenBSD Secure Shell server...
[[0;32m  OK  [0m] Started OpenBSD Secure Shell server.
         Starting Time & Date Service...
[[0;32m  OK  [0m] Started Time & Date Service.
[[0;32m  OK  [0m] Created slice User Slice of vagrant.
         Starting User Manager for UID 1000...
[[0;32m  OK  [0m] Started Session 1 of user vagrant.
[[0;32m  OK  [0m] Started User Manager for UID 1000.

Ubuntu 18.04.6 LTS ubuntu-bionic ttyS0

ubuntu-bionic login: [   26.508493] cloud-init[1712]: Cloud-init v. 23.1.2-0ubuntu0~18.04.1 running 'modules:config' at Tue, 06 Aug 2024 07:54:13 +0000. Up 25.44 seconds.
ci-info: no authorized SSH keys fingerprints found for user ubuntu.
<14>Aug  6 07:54:15 cloud-init: #############################################################
<14>Aug  6 07:54:15 cloud-init: -----BEGIN SSH HOST KEY FINGERPRINTS-----
<14>Aug  6 07:54:15 cloud-init: 1024 SHA256:E53CkyOg+yqobJ2Nz3TjBsBb5TdFkboukpsQ7wlJKj8 root@ubuntu-bionic (DSA)
<14>Aug  6 07:54:15 cloud-init: 256 SHA256:2RoMowvVBiJRoG3EO/8WrpDDM8Scy/Gy+qklKWDsPdc root@ubuntu-bionic (ECDSA)
<14>Aug  6 07:54:15 cloud-init: 256 SHA256:N8sRafgKh++bJKWHY0EKHBLH4a8jmb/32DNrkDxmLQI root@ubuntu-bionic (ED25519)
<14>Aug  6 07:54:15 cloud-init: 2048 SHA256:/zYL9v05XUGl19SgnciNPa+Cg/pMrbuULp5F5UruuCU root@ubuntu-bionic (RSA)
<14>Aug  6 07:54:15 cloud-init: -----END SSH HOST KEY FINGERPRINTS-----
<14>Aug  6 07:54:15 cloud-init: #############################################################
-----BEGIN SSH HOST KEY KEYS-----
ecdsa-sha2-nistp256 AAAAE2VjZHNhLXNoYTItbmlzdHAyNTYAAAAIbmlzdHAyNTYAAABBBBlPxySj7KUZiq4fIVaON0LYC+L77YPgCHDz9beMTV177PTgcjHlyjFd0VN6ZW2ruYPuZv6xffmdMZ0aniFlyqw= root@ubuntu-bionic
ssh-ed25519 AAAAC3NzaC1lZDI1NTE5AAAAIO6ZKogGk2DpHFLDUkxWTqfKwXJbXBitFkhIr2/t+7mm root@ubuntu-bionic
ssh-rsa AAAAB3NzaC1yc2EAAAADAQABAAABAQDX/kHosJ5PNMxCkjg2TJ93Kr4aXzl0f0xZrxB+Ia2GSXswelIsmlRwpxs8D4m9oEJP86gUPc+jyJp8OTeLHzs7lYY79VdzUlV5mbnBS7K8wPdpLkYn4Q3k+snMp4EaFR/aDnrgnaN5fi/BX3Jg5AbuC4aDf1vTBL5B3YXnNIlmB7MGEwI9CC9bACNPySigJay/VXMhbIY+/WcguVHzjnIVjDIT6+qg9VdntSgCySG9b83NHC7EU+C/EinV4U1Wq8FEJGAkYzvGF62EuUkweTgtuR71NyWzTjMhwtPa9CGsAsxboR9gJxE168OmGmKYhRFOqey0iSePU+Uq4ILUM0Wv root@ubuntu-bionic
-----END SSH HOST KEY KEYS-----
[   27.422896] cloud-init[1762]: Cloud-init v. 23.1.2-0ubuntu0~18.04.1 running 'modules:final' at Tue, 06 Aug 2024 07:54:15 +0000. Up 27.17 seconds.
[   27.428134] cloud-init[1762]: Cloud-init v. 23.1.2-0ubuntu0~18.04.1 finished at Tue, 06 Aug 2024 07:54:15 +0000. Datasource DataSourceNoCloud [seed=/dev/sdb][dsmode=net].  Up 27.41 seconds
